{
  "RSpec": {
    "coverage": {
      "/Users/alexferencz/turing/mod_2/final/holy-waterfall-3782/spec/features/airlines/show_spec.rb": {
        "lines": [
          1,
          null,
          1,
          1,
          1,
          1,
          1,
          null,
          1,
          1,
          1,
          null,
          1,
          1,
          1,
          1,
          null,
          1,
          1,
          1,
          1,
          1,
          null,
          1,
          1,
          1,
          1,
          1,
          null,
          null
        ]
      },
      "/Users/alexferencz/turing/mod_2/final/holy-waterfall-3782/spec/features/flights/index_spec.rb": {
        "lines": [
          1,
          null,
          1,
          1,
          1,
          1,
          1,
          null,
          1,
          1,
          1,
          null,
          1,
          1,
          1,
          1,
          null,
          1,
          1,
          1,
          1,
          null,
          1,
          null,
          1,
          1,
          1,
          1,
          1,
          1,
          1,
          1,
          1,
          1,
          null,
          null,
          null,
          1,
          1,
          1,
          1,
          null,
          1,
          1,
          1,
          null,
          1,
          1,
          1,
          1,
          null,
          1,
          1,
          1,
          1,
          null,
          1,
          null,
          1,
          1,
          1,
          1,
          null,
          null
        ]
      },
      "/Users/alexferencz/turing/mod_2/final/holy-waterfall-3782/spec/models/airline_spec.rb": {
        "lines": [
          1,
          null,
          1,
          2,
          2,
          null
        ]
      },
      "/Users/alexferencz/turing/mod_2/final/holy-waterfall-3782/app/models/airline.rb": {
        "lines": [
          1,
          1,
          1,
          null
        ]
      },
      "/Users/alexferencz/turing/mod_2/final/holy-waterfall-3782/app/models/application_record.rb": {
        "lines": [
          1,
          1,
          null
        ]
      },
      "/Users/alexferencz/turing/mod_2/final/holy-waterfall-3782/spec/models/flight_passenger_spec.rb": {
        "lines": [
          1,
          null,
          1,
          1,
          2,
          2,
          null,
          null
        ]
      },
      "/Users/alexferencz/turing/mod_2/final/holy-waterfall-3782/app/models/flight_passenger.rb": {
        "lines": [
          1,
          1,
          1,
          null
        ]
      },
      "/Users/alexferencz/turing/mod_2/final/holy-waterfall-3782/spec/models/flight_spec.rb": {
        "lines": [
          1,
          null,
          1,
          1,
          2,
          2,
          2,
          null,
          null
        ]
      },
      "/Users/alexferencz/turing/mod_2/final/holy-waterfall-3782/app/models/flight.rb": {
        "lines": [
          1,
          1,
          1,
          1,
          null
        ]
      },
      "/Users/alexferencz/turing/mod_2/final/holy-waterfall-3782/spec/models/passenger_spec.rb": {
        "lines": [
          1,
          null,
          1,
          1,
          2,
          2,
          2,
          null,
          null,
          1,
          1,
          1,
          1,
          1,
          null,
          1,
          null,
          null
        ]
      },
      "/Users/alexferencz/turing/mod_2/final/holy-waterfall-3782/app/models/passenger.rb": {
        "lines": [
          1,
          1,
          1,
          1,
          null,
          1,
          2,
          null,
          null
        ]
      },
      "/Users/alexferencz/turing/mod_2/final/holy-waterfall-3782/app/controllers/airlines_controller.rb": {
        "lines": [
          1,
          1,
          1,
          1,
          null,
          null
        ]
      },
      "/Users/alexferencz/turing/mod_2/final/holy-waterfall-3782/app/controllers/application_controller.rb": {
        "lines": [
          1,
          null
        ]
      },
      "/Users/alexferencz/turing/mod_2/final/holy-waterfall-3782/app/controllers/flights_controller.rb": {
        "lines": [
          1,
          1,
          3,
          null,
          null,
          1,
          1,
          1,
          1,
          null,
          1,
          null,
          null
        ]
      }
    },
    "timestamp": 1623429540
  }
}
